<?xml version="1.0" encoding="UTF-8"?>
<testsuite xmlns:xsi="http://www.w3.org/2001/XMLSchema-instance" xsi:noNamespaceSchemaLocation="https://maven.apache.org/surefire/maven-surefire-plugin/xsd/surefire-test-report-3.0.xsd" version="3.0" name="hello.HelloTest" time="2.589" tests="4" errors="0" skipped="0" failures="1">
  <properties>
[...]
</properties>
  <testcase name="testHello" classname="hello.HelloTest" time="0.023"/>
  <testcase name="testWordsAttribute" classname="hello.HelloTest" time="2.402">
    <failure message="expected:&lt;3&gt; but was:&lt;5&gt;" type="java.lang.AssertionError"><![CDATA[java.lang.AssertionError: expected:<3> but was:<5>
	at org.junit.Assert.fail(Assert.java:89)
	at org.junit.Assert.failNotEquals(Assert.java:835)
	at org.junit.Assert.assertEquals(Assert.java:647)
	at org.junit.Assert.assertEquals(Assert.java:633)
	at hello.HelloTest.testWordsAttribute(HelloTest.java:75)
	at sun.reflect.NativeMethodAccessorImpl.invoke0(Native Method)
	at sun.reflect.NativeMethodAccessorImpl.invoke(NativeMethodAccessorImpl.java:62)
	at sun.reflect.DelegatingMethodAccessorImpl.invoke(DelegatingMethodAccessorImpl.java:43)
	at java.lang.reflect.Method.invoke(Method.java:498)
	at org.junit.runners.model.FrameworkMethod$1.runReflectiveCall(FrameworkMethod.java:59)
	at org.junit.internal.runners.model.ReflectiveCallable.run(ReflectiveCallable.java:12)
	at org.junit.runners.model.FrameworkMethod.invokeExplosively(FrameworkMethod.java:56)
	at org.junit.internal.runners.statements.InvokeMethod.evaluate(InvokeMethod.java:17)
	at org.junit.runners.ParentRunner$3.evaluate(ParentRunner.java:306)
	at org.junit.runners.BlockJUnit4ClassRunner$1.evaluate(BlockJUnit4ClassRunner.java:100)
	at org.junit.runners.ParentRunner.runLeaf(ParentRunner.java:366)
	at org.junit.runners.BlockJUnit4ClassRunner.runChild(BlockJUnit4ClassRunner.java:103)
	at org.junit.runners.BlockJUnit4ClassRunner.runChild(BlockJUnit4ClassRunner.java:63)
	at org.junit.runners.ParentRunner$4.run(ParentRunner.java:331)
	at org.junit.runners.ParentRunner$1.schedule(ParentRunner.java:79)
	at org.junit.runners.ParentRunner.runChildren(ParentRunner.java:329)
	at org.junit.runners.ParentRunner.access$100(ParentRunner.java:66)
	at org.junit.runners.ParentRunner$2.evaluate(ParentRunner.java:293)
	at org.junit.runners.ParentRunner$3.evaluate(ParentRunner.java:306)
	at org.junit.runners.ParentRunner.run(ParentRunner.java:413)
	at org.apache.maven.surefire.junit4.JUnit4Provider.execute(JUnit4Provider.java:316)
	at org.apache.maven.surefire.junit4.JUnit4Provider.executeWithRerun(JUnit4Provider.java:240)
	at org.apache.maven.surefire.junit4.JUnit4Provider.executeTestSet(JUnit4Provider.java:214)
	at org.apache.maven.surefire.junit4.JUnit4Provider.invoke(JUnit4Provider.java:155)
	at org.apache.maven.surefire.booter.ForkedBooter.runSuitesInProcess(ForkedBooter.java:385)
	at org.apache.maven.surefire.booter.ForkedBooter.execute(ForkedBooter.java:162)
	at org.apache.maven.surefire.booter.ForkedBooter.run(ForkedBooter.java:507)
	at org.apache.maven.surefire.booter.ForkedBooter.main(ForkedBooter.java:495)
]]></failure>
    <system-out><![CDATA[[WordApiResponse{word='pale', phonetic='/peɪl/', meanings=[Meaning{partOfSpeech='noun', definitions=[Definition{definition='Paleness; pallor.', example='null'}]}, Meaning{partOfSpeech='verb', definitions=[Definition{definition='To turn pale; to lose colour.', example='null'}, Definition{definition='To become insignificant.', example='null'}, Definition{definition='To make pale; to diminish the brightness of.', example='null'}]}, Meaning{partOfSpeech='adjective', definitions=[Definition{definition='Light in color.', example='I have pale yellow wallpaper.'}, Definition{definition='(of human skin) Having a pallor (a light color, especially due to sickness, shock, fright etc.).', example='His face turned pale after hearing about his mother's death.'}, Definition{definition='Feeble, faint.', example='He is but a pale shadow of his former self.'}]}]}, WordApiResponse{word='pale', phonetic='/peɪl/', meanings=[Meaning{partOfSpeech='noun', definitions=[Definition{definition='A wooden stake; a picket.', example='null'}, Definition{definition='Fence made from wooden stake; palisade.', example='null'}, Definition{definition='(by extension) Limits, bounds (especially before of).', example='null'}, Definition{definition='The bounds of morality, good behaviour or judgment in civilized company, in the phrase beyond the pale.', example='null'}, Definition{definition='A vertical band down the middle of a shield.', example='null'}, Definition{definition='A territory or defensive area within a specific boundary or under a given jurisdiction.', example='null'}, Definition{definition='The jurisdiction (territorial or otherwise) of an authority.', example='null'}, Definition{definition='A cheese scoop.', example='null'}, Definition{definition='A shore for bracing a timber before it is fastened.', example='null'}]}, Meaning{partOfSpeech='verb', definitions=[Definition{definition='To enclose with pales, or as if with pales; to encircle or encompass; to fence off.', example='null'}]}]}]
[WordApiResponse{word='plea', phonetic='/pliː/', meanings=[Meaning{partOfSpeech='noun', definitions=[Definition{definition='An appeal, petition, urgent prayer or entreaty.', example='a plea for mercy'}, Definition{definition='An excuse; an apology.', example='null'}, Definition{definition='That which is alleged or pleaded, in defense or in justification.', example='null'}, Definition{definition='That which is alleged by a party in support of his cause.', example='null'}, Definition{definition='An allegation of fact in a cause, as distinguished from a demurrer.', example='null'}, Definition{definition='The defendant’s answer to the plaintiff’s declaration and demand.', example='null'}, Definition{definition='A cause in court; a lawsuit; as, the Court of Common Pleas.', example='null'}]}, Meaning{partOfSpeech='verb', definitions=[Definition{definition='To plead; to argue.', example='null'}]}]}]
[WordApiResponse{word='peal', phonetic='/piːl/', meanings=[Meaning{partOfSpeech='noun', definitions=[Definition{definition='A loud sound, or a succession of loud sounds, as of bells, thunder, cannon, shouts, laughter, of a multitude, etc.', example='null'}, Definition{definition='A set of bells tuned to each other according to the diatonic scale.', example='null'}, Definition{definition='The changes rung on a set of bells.', example='null'}]}, Meaning{partOfSpeech='verb', definitions=[Definition{definition='To sound with a peal or peals.', example='null'}, Definition{definition='To utter or sound loudly.', example='null'}, Definition{definition='To assail with noise.', example='null'}, Definition{definition='To resound; to echo.', example='null'}, Definition{definition='To pour out.', example='null'}, Definition{definition='To appeal.', example='null'}]}]}, WordApiResponse{word='peal', phonetic='/piːl/', meanings=[Meaning{partOfSpeech='noun', definitions=[Definition{definition='A small salmon; a grilse; a sewin.', example='null'}]}]}]
]]></system-out>
  </testcase>
  <testcase name="testRightPermutations" classname="hello.HelloTest" time="0.07"/>
  <testcase name="testAllPermutation" classname="hello.HelloTest" time="0.0"/>
</testsuite>