<?xml version="1.0" encoding="UTF-8"?>
<testsuite xmlns:xsi="http://www.w3.org/2001/XMLSchema-instance" xsi:noNamespaceSchemaLocation="https://maven.apache.org/surefire/maven-surefire-plugin/xsd/surefire-test-report-3.0.xsd" version="3.0" name="hello.HelloTest" time="2.05" tests="4" errors="0" skipped="0" failures="0">
  <properties>
[...]
</properties>
  <testcase name="testHello" classname="hello.HelloTest" time="0.035"/>
  <testcase name="testWordsAttribute" classname="hello.HelloTest" time="1.866">
    <system-out><![CDATA[[WordApiResponse{word='got', phonetic='null', meanings=[Meaning{partOfSpeech='verb', definitions=[Definition{definition='(ditransitive) To obtain; to acquire.', example='I'm going to get a computer tomorrow from the discount store.'}, Definition{definition='To receive.', example='He got a severe reprimand for that.'}, Definition{definition='(in a perfect construction, with present-tense meaning) To have. See usage notes.', example='I've got a concert ticket for you.'}, Definition{definition='To fetch, bring, take.', example='Can you get my bag from the living-room, please?'}, Definition{definition='To become, or cause oneself to become.', example='I'm getting hungry; how about you?'}, Definition{definition='To cause to become; to bring about.', example='I can't get these boots off (or on).'}, Definition{definition='To cause to do.', example='I can't get it to work.'}, Definition{definition='To cause to come or go or move.', example='I got him to his room.'}, Definition{definition='To cause to be in a certain status or position.', example='Get him here at once.'}, Definition{definition='(with various prepositions, such as into, over, or behind; for specific idiomatic senses see individual entries get into, get over, etc.) To adopt, assume, arrive at, or progress towards (a certain position, location, state).', example='I'm getting into a muddle.'}, Definition{definition='To cover (a certain distance) while travelling.', example='to get a mile'}, Definition{definition='To begin (doing something or to do something).', example='After lunch we got chatting.'}, Definition{definition='To take or catch (a scheduled transportation service).', example='I normally get the 7:45 train.'}, Definition{definition='To respond to (a telephone call, a doorbell, etc).', example='Can you get that call, please? I'm busy.'}, Definition{definition='(followed by infinitive) To be able, be permitted, or have the opportunity (to do something desirable or ironically implied to be desirable).', example='Great. I get to clean the toilets today.'}, Definition{definition='To understand. (compare get it)', example='I don't get what you mean by "fun". This place sucks!'}, Definition{definition='To be told; be the recipient of (a question, comparison, opinion, etc.).', example='"You look just like Helen Mirren." / "I get that a lot."'}, Definition{definition='To be. Used to form the passive of verbs.', example='He got bitten by a dog.'}, Definition{definition='To become ill with or catch (a disease).', example='I went on holiday and got malaria.'}, Definition{definition='To catch out, trick successfully.', example='He keeps calling pretending to be my boss—it gets me every time.'}, Definition{definition='To perplex, stump.', example='That question's really got me.'}, Definition{definition='To find as an answer.', example='What did you get for question four?'}, Definition{definition='To bring to reckoning; to catch (as a criminal); to effect retribution.', example='I'm gonna get him for that.'}, Definition{definition='To hear completely; catch.', example='Sorry, I didn't get that. Could you repeat it?'}, Definition{definition='To getter.', example='I put the getter into the container to get the gases.'}, Definition{definition='To beget (of a father).', example='null'}, Definition{definition='To learn; to commit to memory; to memorize; sometimes with out.', example='to get a lesson;  to get out one's Greek lesson'}, Definition{definition='Used with a personal pronoun to indicate that someone is being pretentious or grandiose.', example='Get her with her new hairdo.'}, Definition{definition='To go, to leave; to scram.', example='null'}, Definition{definition='To kill.', example='They’re coming to get you, Barbara.'}, Definition{definition='To make acquisitions; to gain; to profit.', example='null'}, Definition{definition='To measure.', example='Did you get her temperature?'}]}]}]
[WordApiResponse{word='tog', phonetic='/tɒɡ/', meanings=[Meaning{partOfSpeech='noun', definitions=[Definition{definition='A cloak.', example='null'}, Definition{definition='A coat.', example='null'}, Definition{definition='A unit of thermal resistance, being ten times the temperature difference (in °C) between the two surfaces of a material when the flow of heat is equal to one watt per square metre', example='null'}]}, Meaning{partOfSpeech='verb', definitions=[Definition{definition='To dress (often with up or out).', example='null'}]}]}, WordApiResponse{word='tog', phonetic='null', meanings=[Meaning{partOfSpeech='adverb', definitions=[Definition{definition='At the same time, in the same place; in close association or proximity.', example='We went to school together.'}, Definition{definition='Into one place; into a single thing; combined.', example='He put all the parts together.'}, Definition{definition='In a relationship or partnership, for example a business relationship or a romantic partnership.', example='Bob and Andy went into business together.  Jenny and Mark have been together since they went on holiday to Mexico.'}, Definition{definition='Without intermission or interruption; continuously; uninterruptedly.', example='It has been raining four days together'}]}]}]
WordApiResponse{word='got', phonetic='null', meanings=[Meaning{partOfSpeech='verb', definitions=[Definition{definition='(ditransitive) To obtain; to acquire.', example='I'm going to get a computer tomorrow from the discount store.'}, Definition{definition='To receive.', example='He got a severe reprimand for that.'}, Definition{definition='(in a perfect construction, with present-tense meaning) To have. See usage notes.', example='I've got a concert ticket for you.'}, Definition{definition='To fetch, bring, take.', example='Can you get my bag from the living-room, please?'}, Definition{definition='To become, or cause oneself to become.', example='I'm getting hungry; how about you?'}, Definition{definition='To cause to become; to bring about.', example='I can't get these boots off (or on).'}, Definition{definition='To cause to do.', example='I can't get it to work.'}, Definition{definition='To cause to come or go or move.', example='I got him to his room.'}, Definition{definition='To cause to be in a certain status or position.', example='Get him here at once.'}, Definition{definition='(with various prepositions, such as into, over, or behind; for specific idiomatic senses see individual entries get into, get over, etc.) To adopt, assume, arrive at, or progress towards (a certain position, location, state).', example='I'm getting into a muddle.'}, Definition{definition='To cover (a certain distance) while travelling.', example='to get a mile'}, Definition{definition='To begin (doing something or to do something).', example='After lunch we got chatting.'}, Definition{definition='To take or catch (a scheduled transportation service).', example='I normally get the 7:45 train.'}, Definition{definition='To respond to (a telephone call, a doorbell, etc).', example='Can you get that call, please? I'm busy.'}, Definition{definition='(followed by infinitive) To be able, be permitted, or have the opportunity (to do something desirable or ironically implied to be desirable).', example='Great. I get to clean the toilets today.'}, Definition{definition='To understand. (compare get it)', example='I don't get what you mean by "fun". This place sucks!'}, Definition{definition='To be told; be the recipient of (a question, comparison, opinion, etc.).', example='"You look just like Helen Mirren." / "I get that a lot."'}, Definition{definition='To be. Used to form the passive of verbs.', example='He got bitten by a dog.'}, Definition{definition='To become ill with or catch (a disease).', example='I went on holiday and got malaria.'}, Definition{definition='To catch out, trick successfully.', example='He keeps calling pretending to be my boss—it gets me every time.'}, Definition{definition='To perplex, stump.', example='That question's really got me.'}, Definition{definition='To find as an answer.', example='What did you get for question four?'}, Definition{definition='To bring to reckoning; to catch (as a criminal); to effect retribution.', example='I'm gonna get him for that.'}, Definition{definition='To hear completely; catch.', example='Sorry, I didn't get that. Could you repeat it?'}, Definition{definition='To getter.', example='I put the getter into the container to get the gases.'}, Definition{definition='To beget (of a father).', example='null'}, Definition{definition='To learn; to commit to memory; to memorize; sometimes with out.', example='to get a lesson;  to get out one's Greek lesson'}, Definition{definition='Used with a personal pronoun to indicate that someone is being pretentious or grandiose.', example='Get her with her new hairdo.'}, Definition{definition='To go, to leave; to scram.', example='null'}, Definition{definition='To kill.', example='They’re coming to get you, Barbara.'}, Definition{definition='To make acquisitions; to gain; to profit.', example='null'}, Definition{definition='To measure.', example='Did you get her temperature?'}]}]}
WordApiResponse{word='tog', phonetic='/tɒɡ/', meanings=[Meaning{partOfSpeech='noun', definitions=[Definition{definition='A cloak.', example='null'}, Definition{definition='A coat.', example='null'}, Definition{definition='A unit of thermal resistance, being ten times the temperature difference (in °C) between the two surfaces of a material when the flow of heat is equal to one watt per square metre', example='null'}]}, Meaning{partOfSpeech='verb', definitions=[Definition{definition='To dress (often with up or out).', example='null'}]}]}
WordApiResponse{word='tog', phonetic='null', meanings=[Meaning{partOfSpeech='adverb', definitions=[Definition{definition='At the same time, in the same place; in close association or proximity.', example='We went to school together.'}, Definition{definition='Into one place; into a single thing; combined.', example='He put all the parts together.'}, Definition{definition='In a relationship or partnership, for example a business relationship or a romantic partnership.', example='Bob and Andy went into business together.  Jenny and Mark have been together since they went on holiday to Mexico.'}, Definition{definition='Without intermission or interruption; continuously; uninterruptedly.', example='It has been raining four days together'}]}]}
]]></system-out>
  </testcase>
  <testcase name="testRightPermutations" classname="hello.HelloTest" time="0.056"/>
  <testcase name="testAllPermutation" classname="hello.HelloTest" time="0.0"/>
</testsuite>